

Microchip MPLAB XC8 Assembler V2.20 build 20200408173844 
                                                                                               Tue Feb 22 14:11:05 2022

Microchip MPLAB XC8 C Compiler v2.20 (Free license) build 20200408173844 Og1 
     1                           	processor	16F887
     2                           	pagewidth 120
     3                           	opt	flic
     4                           	psect	cinit,global,class=CODE,merge=1,delta=2
     5                           	psect	bssCOMMON,global,class=COMMON,space=1,delta=1,noexec
     6                           	psect	cstackCOMMON,global,class=COMMON,space=1,delta=1,noexec
     7                           	psect	maintext,global,class=CODE,split=1,delta=2
     8                           	psect	text1,local,class=CODE,merge=1,delta=2
     9                           	psect	text2,local,class=CODE,merge=1,delta=2
    10                           	psect	config,global,abs,ovrld,class=CONFIG,space=4,delta=2,noexec
    11                           	dabs	1,0x7E,2
    12  0000                     
    13                           ; Version 2.20
    14                           ; Generated 12/02/2020 GMT
    15                           ; 
    16                           ; Copyright © 2020, Microchip Technology Inc. and its subsidiaries ("Microchip")
    17                           ; All rights reserved.
    18                           ; 
    19                           ; This software is developed by Microchip Technology Inc. and its subsidiaries ("Microch
      +                          ip").
    20                           ; 
    21                           ; Redistribution and use in source and binary forms, with or without modification, are
    22                           ; permitted provided that the following conditions are met:
    23                           ; 
    24                           ;     1. Redistributions of source code must retain the above copyright notice, this lis
      +                          t of
    25                           ;        conditions and the following disclaimer.
    26                           ; 
    27                           ;     2. Redistributions in binary form must reproduce the above copyright notice, this 
      +                          list
    28                           ;        of conditions and the following disclaimer in the documentation and/or other
    29                           ;        materials provided with the distribution.
    30                           ; 
    31                           ;     3. Microchip's name may not be used to endorse or promote products derived from th
      +                          is
    32                           ;        software without specific prior written permission.
    33                           ; 
    34                           ; THIS SOFTWARE IS PROVIDED BY MICROCHIP "AS IS" AND ANY EXPRESS OR IMPLIED WARRANTIES,
    35                           ; INCLUDING, BUT NOT LIMITED TO, THE IMPLIED WARRANTIES OF MERCHANTABILITY AND FITNESS F
      +                          OR
    36                           ; PURPOSE ARE DISCLAIMED.  IN NO EVENT SHALL MICROCHIP BE LIABLE FOR ANY DIRECT, INDIREC
      +                          T,
    37                           ; INCIDENTAL, SPECIAL, EXEMPLARY, OR CONSEQUENTIAL DAMAGES (INCLUDING BUT NOT LIMITED TO
    38                           ; PROCUREMENT OF SUBSTITUTE GOODS OR SERVICES; LOSS OF USE, DATA OR PROFITS; OR BUSINESS
    39                           ; INTERRUPTION) HOWSOEVER CAUSED AND ON ANY THEORY OF LIABILITY, WHETHER IN CONTRACT, ST
      +                          RICT
    40                           ; LIABILITY, OR TORT (INCLUDING NEGLIGENCE OR OTHERWISE) ARISING IN ANY WAY OUT OF THE U
      +                          SE OF
    41                           ; THIS SOFTWARE, EVEN IF ADVISED OF THE POSSIBILITY OF SUCH DAMAGE.
    42                           ; 
    43                           ; 
    44                           ; Code-generator required, PIC16F887 Definitions
    45                           ; 
    46                           ; SFR Addresses
    47  0000                     	;# 
    48  0001                     	;# 
    49  0002                     	;# 
    50  0003                     	;# 
    51  0004                     	;# 
    52  0005                     	;# 
    53  0006                     	;# 
    54  0007                     	;# 
    55  0008                     	;# 
    56  0009                     	;# 
    57  000A                     	;# 
    58  000B                     	;# 
    59  000C                     	;# 
    60  000D                     	;# 
    61  000E                     	;# 
    62  000E                     	;# 
    63  000F                     	;# 
    64  0010                     	;# 
    65  0011                     	;# 
    66  0012                     	;# 
    67  0013                     	;# 
    68  0014                     	;# 
    69  0015                     	;# 
    70  0015                     	;# 
    71  0016                     	;# 
    72  0017                     	;# 
    73  0018                     	;# 
    74  0019                     	;# 
    75  001A                     	;# 
    76  001B                     	;# 
    77  001B                     	;# 
    78  001C                     	;# 
    79  001D                     	;# 
    80  001E                     	;# 
    81  001F                     	;# 
    82  0081                     	;# 
    83  0085                     	;# 
    84  0086                     	;# 
    85  0087                     	;# 
    86  0088                     	;# 
    87  0089                     	;# 
    88  008C                     	;# 
    89  008D                     	;# 
    90  008E                     	;# 
    91  008F                     	;# 
    92  0090                     	;# 
    93  0091                     	;# 
    94  0092                     	;# 
    95  0093                     	;# 
    96  0093                     	;# 
    97  0093                     	;# 
    98  0094                     	;# 
    99  0095                     	;# 
   100  0096                     	;# 
   101  0097                     	;# 
   102  0098                     	;# 
   103  0099                     	;# 
   104  009A                     	;# 
   105  009B                     	;# 
   106  009C                     	;# 
   107  009D                     	;# 
   108  009E                     	;# 
   109  009F                     	;# 
   110  0105                     	;# 
   111  0107                     	;# 
   112  0108                     	;# 
   113  0109                     	;# 
   114  010C                     	;# 
   115  010C                     	;# 
   116  010D                     	;# 
   117  010E                     	;# 
   118  010F                     	;# 
   119  0185                     	;# 
   120  0187                     	;# 
   121  0188                     	;# 
   122  0189                     	;# 
   123  018C                     	;# 
   124  018D                     	;# 
   125  0000                     	;# 
   126  0001                     	;# 
   127  0002                     	;# 
   128  0003                     	;# 
   129  0004                     	;# 
   130  0005                     	;# 
   131  0006                     	;# 
   132  0007                     	;# 
   133  0008                     	;# 
   134  0009                     	;# 
   135  000A                     	;# 
   136  000B                     	;# 
   137  000C                     	;# 
   138  000D                     	;# 
   139  000E                     	;# 
   140  000E                     	;# 
   141  000F                     	;# 
   142  0010                     	;# 
   143  0011                     	;# 
   144  0012                     	;# 
   145  0013                     	;# 
   146  0014                     	;# 
   147  0015                     	;# 
   148  0015                     	;# 
   149  0016                     	;# 
   150  0017                     	;# 
   151  0018                     	;# 
   152  0019                     	;# 
   153  001A                     	;# 
   154  001B                     	;# 
   155  001B                     	;# 
   156  001C                     	;# 
   157  001D                     	;# 
   158  001E                     	;# 
   159  001F                     	;# 
   160  0081                     	;# 
   161  0085                     	;# 
   162  0086                     	;# 
   163  0087                     	;# 
   164  0088                     	;# 
   165  0089                     	;# 
   166  008C                     	;# 
   167  008D                     	;# 
   168  008E                     	;# 
   169  008F                     	;# 
   170  0090                     	;# 
   171  0091                     	;# 
   172  0092                     	;# 
   173  0093                     	;# 
   174  0093                     	;# 
   175  0093                     	;# 
   176  0094                     	;# 
   177  0095                     	;# 
   178  0096                     	;# 
   179  0097                     	;# 
   180  0098                     	;# 
   181  0099                     	;# 
   182  009A                     	;# 
   183  009B                     	;# 
   184  009C                     	;# 
   185  009D                     	;# 
   186  009E                     	;# 
   187  009F                     	;# 
   188  0105                     	;# 
   189  0107                     	;# 
   190  0108                     	;# 
   191  0109                     	;# 
   192  010C                     	;# 
   193  010C                     	;# 
   194  010D                     	;# 
   195  010E                     	;# 
   196  010F                     	;# 
   197  0185                     	;# 
   198  0187                     	;# 
   199  0188                     	;# 
   200  0189                     	;# 
   201  018C                     	;# 
   202  018D                     	;# 
   203  0007                     _PORTC	set	7
   204  003C                     _RC4	set	60
   205  003D                     _RC5	set	61
   206  003E                     _RC6	set	62
   207  003F                     _RC7	set	63
   208  0038                     _RC0	set	56
   209  0039                     _RC1	set	57
   210  003A                     _RC2	set	58
   211  003B                     _RC3	set	59
   212  0087                     _TRISC	set	135
   213                           
   214                           	psect	cinit
   215  07F8                     start_initialization:	
   216                           ; #config settings
   217                           
   218  07F8                     __initialization:
   219                           
   220                           ; Clear objects allocated to COMMON
   221  07F8  01F5               	clrf	__pbssCOMMON& (0+127)
   222  07F9  01F6               	clrf	(__pbssCOMMON+1)& (0+127)
   223  07FA  01F7               	clrf	(__pbssCOMMON+2)& (0+127)
   224  07FB  01F8               	clrf	(__pbssCOMMON+3)& (0+127)
   225  07FC                     end_of_initialization:	
   226                           ;End of C runtime variable initialization code
   227                           
   228  07FC                     __end_of__initialization:
   229  07FC  0183               	clrf	3
   230  07FD  120A  118A  2E9F   	ljmp	_main	;jump to C main() function
   231                           
   232                           	psect	bssCOMMON
   233  0075                     __pbssCOMMON:
   234  0075                     _contador2:
   235  0075                     	ds	2
   236  0077                     _contador1:
   237  0077                     	ds	2
   238                           
   239                           	psect	cstackCOMMON
   240  0070                     __pcstackCOMMON:
   241  0070                     ?_DigitoMaisSignificativo:
   242  0070                     ?_DigitoMenosSignificativo:	
   243                           ; 1 bytes @ 0x0
   244                           
   245  0070                     ?_main:	
   246                           ; 1 bytes @ 0x0
   247                           
   248  0070                     DigitoMaisSignificativo@numero:	
   249                           ; 1 bytes @ 0x0
   250                           
   251  0070                     DigitoMenosSignificativo@numero:	
   252                           ; 2 bytes @ 0x0
   253                           
   254                           
   255                           ; 2 bytes @ 0x0
   256  0070                     	ds	2
   257  0072                     ??_DigitoMaisSignificativo:
   258  0072                     ??_DigitoMenosSignificativo:	
   259                           ; 1 bytes @ 0x2
   260                           
   261  0072                     ??_main:	
   262                           ; 1 bytes @ 0x2
   263                           
   264                           
   265                           ; 1 bytes @ 0x2
   266  0072                     	ds	3
   267                           
   268                           	psect	maintext
   269  069F                     __pmaintext:	
   270 ;;
   271 ;;Main: autosize = 0, tempsize = 3, incstack = 0, save=0
   272 ;;
   273 ;; *************** function _main *****************
   274 ;; Defined at:
   275 ;;		line 42 in file "newmain.c"
   276 ;; Parameters:    Size  Location     Type
   277 ;;		None
   278 ;; Auto vars:     Size  Location     Type
   279 ;;		None
   280 ;; Return value:  Size  Location     Type
   281 ;;                  1    wreg      void 
   282 ;; Registers used:
   283 ;;		wreg, status,2, status,0, btemp+1, pclath, cstack
   284 ;; Tracked objects:
   285 ;;		On entry : B00/0
   286 ;;		On exit  : 0/0
   287 ;;		Unchanged: 0/0
   288 ;; Data sizes:     COMMON   BANK0   BANK1   BANK3   BANK2
   289 ;;      Params:         0       0       0       0       0
   290 ;;      Locals:         0       0       0       0       0
   291 ;;      Temps:          3       0       0       0       0
   292 ;;      Totals:         3       0       0       0       0
   293 ;;Total ram usage:        3 bytes
   294 ;; Hardware stack levels required when called:    1
   295 ;; This function calls:
   296 ;;		_DigitoMaisSignificativo
   297 ;;		_DigitoMenosSignificativo
   298 ;; This function is called by:
   299 ;;		Startup code after reset
   300 ;; This function uses a non-reentrant model
   301 ;;
   302                           
   303                           
   304                           ;psect for function _main
   305  069F                     _main:
   306  069F                     l854:	
   307                           ;incstack = 0
   308                           ; Regs used in _main: [wreg+status,2+status,0+btemp+1+pclath+cstack]
   309                           
   310                           
   311                           ;newmain.c: 45:     TRISC=0;
   312  069F  1683               	bsf	3,5	;RP0=1, select bank1
   313  06A0  1303               	bcf	3,6	;RP1=0, select bank1
   314  06A1  0187               	clrf	7	;volatile
   315                           
   316                           ;newmain.c: 46:     PORTC=0;
   317  06A2  1283               	bcf	3,5	;RP0=0, select bank0
   318  06A3  1303               	bcf	3,6	;RP1=0, select bank0
   319  06A4  0187               	clrf	7	;volatile
   320  06A5                     l856:
   321                           
   322                           ;newmain.c: 49:         DigitoMaisSignificativo(contador2);
   323  06A5  0876               	movf	_contador2+1,w
   324  06A6  00F1               	movwf	DigitoMaisSignificativo@numero+1
   325  06A7  0875               	movf	_contador2,w
   326  06A8  00F0               	movwf	DigitoMaisSignificativo@numero
   327  06A9  120A  118A  26E4  120A  118A  	fcall	_DigitoMaisSignificativo
   328  06AE                     l858:
   329                           
   330                           ;newmain.c: 50:         DigitoMenosSignificativo(contador1);
   331  06AE  0878               	movf	_contador1+1,w
   332  06AF  00F1               	movwf	DigitoMenosSignificativo@numero+1
   333  06B0  0877               	movf	_contador1,w
   334  06B1  00F0               	movwf	DigitoMenosSignificativo@numero
   335  06B2  120A  118A  276E  120A  118A  	fcall	_DigitoMenosSignificativo
   336  06B7                     l860:
   337                           
   338                           ;newmain.c: 52:         if(contador1<10){
   339  06B7  0878               	movf	_contador1+1,w
   340  06B8  3A80               	xorlw	128
   341  06B9  00FF               	movwf	btemp+1
   342  06BA  3080               	movlw	128
   343  06BB  027F               	subwf	btemp+1,w
   344  06BC  1D03               	skipz
   345  06BD  2EC0               	goto	u425
   346  06BE  300A               	movlw	10
   347  06BF  0277               	subwf	_contador1,w
   348  06C0                     u425:
   349  06C0  1803               	skipnc
   350  06C1  2EC3               	goto	u421
   351  06C2  2EC4               	goto	u420
   352  06C3                     u421:
   353  06C3  2ECB               	goto	l864
   354  06C4                     u420:
   355  06C4                     l862:
   356                           
   357                           ;newmain.c: 53:             contador1++;
   358  06C4  3001               	movlw	1
   359  06C5  07F7               	addwf	_contador1,f
   360  06C6  1803               	skipnc
   361  06C7  0AF8               	incf	_contador1+1,f
   362  06C8  3000               	movlw	0
   363  06C9  07F8               	addwf	_contador1+1,f
   364                           
   365                           ;newmain.c: 54:         }else{
   366  06CA  2ED3               	goto	l868
   367  06CB                     l864:
   368                           
   369                           ;newmain.c: 55:             contador2++;
   370  06CB  3001               	movlw	1
   371  06CC  07F5               	addwf	_contador2,f
   372  06CD  1803               	skipnc
   373  06CE  0AF6               	incf	_contador2+1,f
   374  06CF  3000               	movlw	0
   375  06D0  07F6               	addwf	_contador2+1,f
   376  06D1                     l866:
   377                           
   378                           ;newmain.c: 56:             contador1=0;
   379  06D1  01F7               	clrf	_contador1
   380  06D2  01F8               	clrf	_contador1+1
   381  06D3                     l868:
   382                           
   383                           ;newmain.c: 60:         _delay((unsigned long)((300)*(16000000/4000.0)));
   384  06D3  3007               	movlw	7
   385  06D4  00F4               	movwf	??_main+2
   386  06D5  3017               	movlw	23
   387  06D6  00F3               	movwf	??_main+1
   388  06D7  306A               	movlw	106
   389  06D8  00F2               	movwf	??_main
   390  06D9                     u437:
   391  06D9  0BF2               	decfsz	??_main,f
   392  06DA  2ED9               	goto	u437
   393  06DB  0BF3               	decfsz	??_main+1,f
   394  06DC  2ED9               	goto	u437
   395  06DD  0BF4               	decfsz	??_main+2,f
   396  06DE  2ED9               	goto	u437
   397  06DF  0000               	nop
   398  06E0  2EA5               	goto	l856
   399  06E1  120A  118A  2800   	ljmp	start
   400  06E4                     __end_of_main:
   401                           
   402                           	psect	text1
   403  076E                     __ptext1:	
   404 ;; *************** function _DigitoMenosSignificativo *****************
   405 ;; Defined at:
   406 ;;		line 133 in file "newmain.c"
   407 ;; Parameters:    Size  Location     Type
   408 ;;  numero          2    0[COMMON] int 
   409 ;; Auto vars:     Size  Location     Type
   410 ;;		None
   411 ;; Return value:  Size  Location     Type
   412 ;;                  1    wreg      void 
   413 ;; Registers used:
   414 ;;		wreg, status,2, status,0
   415 ;; Tracked objects:
   416 ;;		On entry : 0/0
   417 ;;		On exit  : 0/0
   418 ;;		Unchanged: 0/0
   419 ;; Data sizes:     COMMON   BANK0   BANK1   BANK3   BANK2
   420 ;;      Params:         2       0       0       0       0
   421 ;;      Locals:         0       0       0       0       0
   422 ;;      Temps:          0       0       0       0       0
   423 ;;      Totals:         2       0       0       0       0
   424 ;;Total ram usage:        2 bytes
   425 ;; Hardware stack levels used:    1
   426 ;; This function calls:
   427 ;;		Nothing
   428 ;; This function is called by:
   429 ;;		_main
   430 ;; This function uses a non-reentrant model
   431 ;;
   432                           
   433                           
   434                           ;psect for function _DigitoMenosSignificativo
   435  076E                     _DigitoMenosSignificativo:
   436  076E                     l814:	
   437                           ;incstack = 0
   438                           ; Regs used in _DigitoMenosSignificativo: [wreg+status,2+status,0]
   439                           
   440                           
   441                           ;newmain.c: 134:         if (numero==0){
   442  076E  0870               	movf	DigitoMenosSignificativo@numero,w
   443  076F  0471               	iorwf	DigitoMenosSignificativo@numero+1,w
   444  0770  1D03               	btfss	3,2
   445  0771  2F73               	goto	u321
   446  0772  2F74               	goto	u320
   447  0773                     u321:
   448  0773  2F7B               	goto	l818
   449  0774                     u320:
   450  0774                     l816:
   451                           
   452                           ;newmain.c: 135:             RC7=0;
   453  0774  1283               	bcf	3,5	;RP0=0, select bank0
   454  0775  1303               	bcf	3,6	;RP1=0, select bank0
   455  0776  1387               	bcf	7,7	;volatile
   456                           
   457                           ;newmain.c: 136:             RC6=0;
   458  0777  1307               	bcf	7,6	;volatile
   459                           
   460                           ;newmain.c: 137:             RC5=0;
   461  0778  1287               	bcf	7,5	;volatile
   462                           
   463                           ;newmain.c: 138:             RC4=0;
   464  0779  1207               	bcf	7,4	;volatile
   465                           
   466                           ;newmain.c: 139:         }
   467  077A  2FF7               	goto	l86
   468  077B                     l818:
   469  077B  0370               	decf	DigitoMenosSignificativo@numero,w
   470  077C  0471               	iorwf	DigitoMenosSignificativo@numero+1,w
   471  077D  1D03               	btfss	3,2
   472  077E  2F80               	goto	u331
   473  077F  2F81               	goto	u330
   474  0780                     u331:
   475  0780  2F88               	goto	l822
   476  0781                     u330:
   477  0781                     l820:
   478                           
   479                           ;newmain.c: 141:             RC7=0;
   480  0781  1283               	bcf	3,5	;RP0=0, select bank0
   481  0782  1303               	bcf	3,6	;RP1=0, select bank0
   482  0783  1387               	bcf	7,7	;volatile
   483                           
   484                           ;newmain.c: 142:             RC6=0;
   485  0784  1307               	bcf	7,6	;volatile
   486                           
   487                           ;newmain.c: 143:             RC5=0;
   488  0785  1287               	bcf	7,5	;volatile
   489                           
   490                           ;newmain.c: 144:             RC4=1;
   491  0786  1607               	bsf	7,4	;volatile
   492                           
   493                           ;newmain.c: 145:         }
   494  0787  2FF7               	goto	l86
   495  0788                     l822:
   496  0788  3002               	movlw	2
   497  0789  0670               	xorwf	DigitoMenosSignificativo@numero,w
   498  078A  0471               	iorwf	DigitoMenosSignificativo@numero+1,w
   499  078B  1D03               	btfss	3,2
   500  078C  2F8E               	goto	u341
   501  078D  2F8F               	goto	u340
   502  078E                     u341:
   503  078E  2F96               	goto	l826
   504  078F                     u340:
   505  078F                     l824:
   506                           
   507                           ;newmain.c: 147:             RC7=0;
   508  078F  1283               	bcf	3,5	;RP0=0, select bank0
   509  0790  1303               	bcf	3,6	;RP1=0, select bank0
   510  0791  1387               	bcf	7,7	;volatile
   511                           
   512                           ;newmain.c: 148:             RC6=0;
   513  0792  1307               	bcf	7,6	;volatile
   514                           
   515                           ;newmain.c: 149:             RC5=1;
   516  0793  1687               	bsf	7,5	;volatile
   517                           
   518                           ;newmain.c: 150:             RC4=0;
   519  0794  1207               	bcf	7,4	;volatile
   520                           
   521                           ;newmain.c: 151:         }
   522  0795  2FF7               	goto	l86
   523  0796                     l826:
   524  0796  3003               	movlw	3
   525  0797  0670               	xorwf	DigitoMenosSignificativo@numero,w
   526  0798  0471               	iorwf	DigitoMenosSignificativo@numero+1,w
   527  0799  1D03               	btfss	3,2
   528  079A  2F9C               	goto	u351
   529  079B  2F9D               	goto	u350
   530  079C                     u351:
   531  079C  2FA4               	goto	l830
   532  079D                     u350:
   533  079D                     l828:
   534                           
   535                           ;newmain.c: 153:             RC7=0;
   536  079D  1283               	bcf	3,5	;RP0=0, select bank0
   537  079E  1303               	bcf	3,6	;RP1=0, select bank0
   538  079F  1387               	bcf	7,7	;volatile
   539                           
   540                           ;newmain.c: 154:             RC6=0;
   541  07A0  1307               	bcf	7,6	;volatile
   542                           
   543                           ;newmain.c: 155:             RC5=1;
   544  07A1  1687               	bsf	7,5	;volatile
   545                           
   546                           ;newmain.c: 156:             RC4=1;
   547  07A2  1607               	bsf	7,4	;volatile
   548                           
   549                           ;newmain.c: 157:         }
   550  07A3  2FF7               	goto	l86
   551  07A4                     l830:
   552  07A4  3004               	movlw	4
   553  07A5  0670               	xorwf	DigitoMenosSignificativo@numero,w
   554  07A6  0471               	iorwf	DigitoMenosSignificativo@numero+1,w
   555  07A7  1D03               	btfss	3,2
   556  07A8  2FAA               	goto	u361
   557  07A9  2FAB               	goto	u360
   558  07AA                     u361:
   559  07AA  2FB2               	goto	l834
   560  07AB                     u360:
   561  07AB                     l832:
   562                           
   563                           ;newmain.c: 159:             RC7=0;
   564  07AB  1283               	bcf	3,5	;RP0=0, select bank0
   565  07AC  1303               	bcf	3,6	;RP1=0, select bank0
   566  07AD  1387               	bcf	7,7	;volatile
   567                           
   568                           ;newmain.c: 160:             RC6=1;
   569  07AE  1707               	bsf	7,6	;volatile
   570                           
   571                           ;newmain.c: 161:             RC5=0;
   572  07AF  1287               	bcf	7,5	;volatile
   573                           
   574                           ;newmain.c: 162:             RC4=0;
   575  07B0  1207               	bcf	7,4	;volatile
   576                           
   577                           ;newmain.c: 163:         }
   578  07B1  2FF7               	goto	l86
   579  07B2                     l834:
   580  07B2  3005               	movlw	5
   581  07B3  0670               	xorwf	DigitoMenosSignificativo@numero,w
   582  07B4  0471               	iorwf	DigitoMenosSignificativo@numero+1,w
   583  07B5  1D03               	btfss	3,2
   584  07B6  2FB8               	goto	u371
   585  07B7  2FB9               	goto	u370
   586  07B8                     u371:
   587  07B8  2FC0               	goto	l838
   588  07B9                     u370:
   589  07B9                     l836:
   590                           
   591                           ;newmain.c: 165:             RC7=0;
   592  07B9  1283               	bcf	3,5	;RP0=0, select bank0
   593  07BA  1303               	bcf	3,6	;RP1=0, select bank0
   594  07BB  1387               	bcf	7,7	;volatile
   595                           
   596                           ;newmain.c: 166:             RC6=1;
   597  07BC  1707               	bsf	7,6	;volatile
   598                           
   599                           ;newmain.c: 167:             RC5=0;
   600  07BD  1287               	bcf	7,5	;volatile
   601                           
   602                           ;newmain.c: 168:             RC4=1;
   603  07BE  1607               	bsf	7,4	;volatile
   604                           
   605                           ;newmain.c: 169:         }
   606  07BF  2FF7               	goto	l86
   607  07C0                     l838:
   608  07C0  3006               	movlw	6
   609  07C1  0670               	xorwf	DigitoMenosSignificativo@numero,w
   610  07C2  0471               	iorwf	DigitoMenosSignificativo@numero+1,w
   611  07C3  1D03               	btfss	3,2
   612  07C4  2FC6               	goto	u381
   613  07C5  2FC7               	goto	u380
   614  07C6                     u381:
   615  07C6  2FCE               	goto	l842
   616  07C7                     u380:
   617  07C7                     l840:
   618                           
   619                           ;newmain.c: 171:             RC7=0;
   620  07C7  1283               	bcf	3,5	;RP0=0, select bank0
   621  07C8  1303               	bcf	3,6	;RP1=0, select bank0
   622  07C9  1387               	bcf	7,7	;volatile
   623                           
   624                           ;newmain.c: 172:             RC6=1;
   625  07CA  1707               	bsf	7,6	;volatile
   626                           
   627                           ;newmain.c: 173:             RC5=1;
   628  07CB  1687               	bsf	7,5	;volatile
   629                           
   630                           ;newmain.c: 174:             RC4=0;
   631  07CC  1207               	bcf	7,4	;volatile
   632                           
   633                           ;newmain.c: 175:         }
   634  07CD  2FF7               	goto	l86
   635  07CE                     l842:
   636  07CE  3007               	movlw	7
   637  07CF  0670               	xorwf	DigitoMenosSignificativo@numero,w
   638  07D0  0471               	iorwf	DigitoMenosSignificativo@numero+1,w
   639  07D1  1D03               	btfss	3,2
   640  07D2  2FD4               	goto	u391
   641  07D3  2FD5               	goto	u390
   642  07D4                     u391:
   643  07D4  2FDC               	goto	l846
   644  07D5                     u390:
   645  07D5                     l844:
   646                           
   647                           ;newmain.c: 177:             RC7=0;
   648  07D5  1283               	bcf	3,5	;RP0=0, select bank0
   649  07D6  1303               	bcf	3,6	;RP1=0, select bank0
   650  07D7  1387               	bcf	7,7	;volatile
   651                           
   652                           ;newmain.c: 178:             RC6=1;
   653  07D8  1707               	bsf	7,6	;volatile
   654                           
   655                           ;newmain.c: 179:             RC5=1;
   656  07D9  1687               	bsf	7,5	;volatile
   657                           
   658                           ;newmain.c: 180:             RC4=1;
   659  07DA  1607               	bsf	7,4	;volatile
   660                           
   661                           ;newmain.c: 181:         }
   662  07DB  2FF7               	goto	l86
   663  07DC                     l846:
   664  07DC  3008               	movlw	8
   665  07DD  0670               	xorwf	DigitoMenosSignificativo@numero,w
   666  07DE  0471               	iorwf	DigitoMenosSignificativo@numero+1,w
   667  07DF  1D03               	btfss	3,2
   668  07E0  2FE2               	goto	u401
   669  07E1  2FE3               	goto	u400
   670  07E2                     u401:
   671  07E2  2FEA               	goto	l850
   672  07E3                     u400:
   673  07E3                     l848:
   674                           
   675                           ;newmain.c: 183:             RC7=1;
   676  07E3  1283               	bcf	3,5	;RP0=0, select bank0
   677  07E4  1303               	bcf	3,6	;RP1=0, select bank0
   678  07E5  1787               	bsf	7,7	;volatile
   679                           
   680                           ;newmain.c: 184:             RC6=0;
   681  07E6  1307               	bcf	7,6	;volatile
   682                           
   683                           ;newmain.c: 185:             RC5=0;
   684  07E7  1287               	bcf	7,5	;volatile
   685                           
   686                           ;newmain.c: 186:             RC4=0;
   687  07E8  1207               	bcf	7,4	;volatile
   688                           
   689                           ;newmain.c: 187:         }
   690  07E9  2FF7               	goto	l86
   691  07EA                     l850:
   692  07EA  3009               	movlw	9
   693  07EB  0670               	xorwf	DigitoMenosSignificativo@numero,w
   694  07EC  0471               	iorwf	DigitoMenosSignificativo@numero+1,w
   695  07ED  1D03               	btfss	3,2
   696  07EE  2FF0               	goto	u411
   697  07EF  2FF1               	goto	u410
   698  07F0                     u411:
   699  07F0  2F74               	goto	l816
   700  07F1                     u410:
   701  07F1                     l852:
   702                           
   703                           ;newmain.c: 189:             RC7=1;
   704  07F1  1283               	bcf	3,5	;RP0=0, select bank0
   705  07F2  1303               	bcf	3,6	;RP1=0, select bank0
   706  07F3  1787               	bsf	7,7	;volatile
   707                           
   708                           ;newmain.c: 190:             RC6=0;
   709  07F4  1307               	bcf	7,6	;volatile
   710                           
   711                           ;newmain.c: 191:             RC5=0;
   712  07F5  1287               	bcf	7,5	;volatile
   713                           
   714                           ;newmain.c: 192:             RC4=1;
   715  07F6  1607               	bsf	7,4	;volatile
   716  07F7                     l86:	
   717                           ;newmain.c: 193:         }else{
   718                           
   719  07F7  0008               	return
   720  07F8                     __end_of_DigitoMenosSignificativo:
   721                           
   722                           	psect	text2
   723  06E4                     __ptext2:	
   724 ;; *************** function _DigitoMaisSignificativo *****************
   725 ;; Defined at:
   726 ;;		line 65 in file "newmain.c"
   727 ;; Parameters:    Size  Location     Type
   728 ;;  numero          2    0[COMMON] int 
   729 ;; Auto vars:     Size  Location     Type
   730 ;;		None
   731 ;; Return value:  Size  Location     Type
   732 ;;                  1    wreg      void 
   733 ;; Registers used:
   734 ;;		wreg, status,2, status,0
   735 ;; Tracked objects:
   736 ;;		On entry : 0/0
   737 ;;		On exit  : 0/0
   738 ;;		Unchanged: 0/0
   739 ;; Data sizes:     COMMON   BANK0   BANK1   BANK3   BANK2
   740 ;;      Params:         2       0       0       0       0
   741 ;;      Locals:         0       0       0       0       0
   742 ;;      Temps:          0       0       0       0       0
   743 ;;      Totals:         2       0       0       0       0
   744 ;;Total ram usage:        2 bytes
   745 ;; Hardware stack levels used:    1
   746 ;; This function calls:
   747 ;;		Nothing
   748 ;; This function is called by:
   749 ;;		_main
   750 ;; This function uses a non-reentrant model
   751 ;;
   752                           
   753                           
   754                           ;psect for function _DigitoMaisSignificativo
   755  06E4                     _DigitoMaisSignificativo:
   756  06E4                     l774:	
   757                           ;incstack = 0
   758                           ; Regs used in _DigitoMaisSignificativo: [wreg+status,2+status,0]
   759                           
   760                           
   761                           ;newmain.c: 66:         if (numero==0){
   762  06E4  0870               	movf	DigitoMaisSignificativo@numero,w
   763  06E5  0471               	iorwf	DigitoMaisSignificativo@numero+1,w
   764  06E6  1D03               	btfss	3,2
   765  06E7  2EE9               	goto	u221
   766  06E8  2EEA               	goto	u220
   767  06E9                     u221:
   768  06E9  2EF1               	goto	l778
   769  06EA                     u220:
   770  06EA                     l776:
   771                           
   772                           ;newmain.c: 67:             RC3=0;
   773  06EA  1283               	bcf	3,5	;RP0=0, select bank0
   774  06EB  1303               	bcf	3,6	;RP1=0, select bank0
   775  06EC  1187               	bcf	7,3	;volatile
   776                           
   777                           ;newmain.c: 68:             RC2=0;
   778  06ED  1107               	bcf	7,2	;volatile
   779                           
   780                           ;newmain.c: 69:             RC1=0;
   781  06EE  1087               	bcf	7,1	;volatile
   782                           
   783                           ;newmain.c: 70:             RC0=0;
   784  06EF  1007               	bcf	7,0	;volatile
   785                           
   786                           ;newmain.c: 71:         }
   787  06F0  2F6D               	goto	l63
   788  06F1                     l778:
   789  06F1  0370               	decf	DigitoMaisSignificativo@numero,w
   790  06F2  0471               	iorwf	DigitoMaisSignificativo@numero+1,w
   791  06F3  1D03               	btfss	3,2
   792  06F4  2EF6               	goto	u231
   793  06F5  2EF7               	goto	u230
   794  06F6                     u231:
   795  06F6  2EFE               	goto	l782
   796  06F7                     u230:
   797  06F7                     l780:
   798                           
   799                           ;newmain.c: 73:             RC3=0;
   800  06F7  1283               	bcf	3,5	;RP0=0, select bank0
   801  06F8  1303               	bcf	3,6	;RP1=0, select bank0
   802  06F9  1187               	bcf	7,3	;volatile
   803                           
   804                           ;newmain.c: 74:             RC2=0;
   805  06FA  1107               	bcf	7,2	;volatile
   806                           
   807                           ;newmain.c: 75:             RC1=0;
   808  06FB  1087               	bcf	7,1	;volatile
   809                           
   810                           ;newmain.c: 76:             RC0=1;
   811  06FC  1407               	bsf	7,0	;volatile
   812                           
   813                           ;newmain.c: 77:         }
   814  06FD  2F6D               	goto	l63
   815  06FE                     l782:
   816  06FE  3002               	movlw	2
   817  06FF  0670               	xorwf	DigitoMaisSignificativo@numero,w
   818  0700  0471               	iorwf	DigitoMaisSignificativo@numero+1,w
   819  0701  1D03               	btfss	3,2
   820  0702  2F04               	goto	u241
   821  0703  2F05               	goto	u240
   822  0704                     u241:
   823  0704  2F0C               	goto	l786
   824  0705                     u240:
   825  0705                     l784:
   826                           
   827                           ;newmain.c: 79:             RC3=0;
   828  0705  1283               	bcf	3,5	;RP0=0, select bank0
   829  0706  1303               	bcf	3,6	;RP1=0, select bank0
   830  0707  1187               	bcf	7,3	;volatile
   831                           
   832                           ;newmain.c: 80:             RC2=0;
   833  0708  1107               	bcf	7,2	;volatile
   834                           
   835                           ;newmain.c: 81:             RC1=1;
   836  0709  1487               	bsf	7,1	;volatile
   837                           
   838                           ;newmain.c: 82:             RC0=0;
   839  070A  1007               	bcf	7,0	;volatile
   840                           
   841                           ;newmain.c: 83:         }
   842  070B  2F6D               	goto	l63
   843  070C                     l786:
   844  070C  3003               	movlw	3
   845  070D  0670               	xorwf	DigitoMaisSignificativo@numero,w
   846  070E  0471               	iorwf	DigitoMaisSignificativo@numero+1,w
   847  070F  1D03               	btfss	3,2
   848  0710  2F12               	goto	u251
   849  0711  2F13               	goto	u250
   850  0712                     u251:
   851  0712  2F1A               	goto	l790
   852  0713                     u250:
   853  0713                     l788:
   854                           
   855                           ;newmain.c: 85:             RC3=0;
   856  0713  1283               	bcf	3,5	;RP0=0, select bank0
   857  0714  1303               	bcf	3,6	;RP1=0, select bank0
   858  0715  1187               	bcf	7,3	;volatile
   859                           
   860                           ;newmain.c: 86:             RC2=0;
   861  0716  1107               	bcf	7,2	;volatile
   862                           
   863                           ;newmain.c: 87:             RC1=1;
   864  0717  1487               	bsf	7,1	;volatile
   865                           
   866                           ;newmain.c: 88:             RC0=1;
   867  0718  1407               	bsf	7,0	;volatile
   868                           
   869                           ;newmain.c: 89:         }
   870  0719  2F6D               	goto	l63
   871  071A                     l790:
   872  071A  3004               	movlw	4
   873  071B  0670               	xorwf	DigitoMaisSignificativo@numero,w
   874  071C  0471               	iorwf	DigitoMaisSignificativo@numero+1,w
   875  071D  1D03               	btfss	3,2
   876  071E  2F20               	goto	u261
   877  071F  2F21               	goto	u260
   878  0720                     u261:
   879  0720  2F28               	goto	l794
   880  0721                     u260:
   881  0721                     l792:
   882                           
   883                           ;newmain.c: 91:             RC3=0;
   884  0721  1283               	bcf	3,5	;RP0=0, select bank0
   885  0722  1303               	bcf	3,6	;RP1=0, select bank0
   886  0723  1187               	bcf	7,3	;volatile
   887                           
   888                           ;newmain.c: 92:             RC2=1;
   889  0724  1507               	bsf	7,2	;volatile
   890                           
   891                           ;newmain.c: 93:             RC1=0;
   892  0725  1087               	bcf	7,1	;volatile
   893                           
   894                           ;newmain.c: 94:             RC0=0;
   895  0726  1007               	bcf	7,0	;volatile
   896                           
   897                           ;newmain.c: 95:         }
   898  0727  2F6D               	goto	l63
   899  0728                     l794:
   900  0728  3005               	movlw	5
   901  0729  0670               	xorwf	DigitoMaisSignificativo@numero,w
   902  072A  0471               	iorwf	DigitoMaisSignificativo@numero+1,w
   903  072B  1D03               	btfss	3,2
   904  072C  2F2E               	goto	u271
   905  072D  2F2F               	goto	u270
   906  072E                     u271:
   907  072E  2F36               	goto	l798
   908  072F                     u270:
   909  072F                     l796:
   910                           
   911                           ;newmain.c: 97:             RC3=0;
   912  072F  1283               	bcf	3,5	;RP0=0, select bank0
   913  0730  1303               	bcf	3,6	;RP1=0, select bank0
   914  0731  1187               	bcf	7,3	;volatile
   915                           
   916                           ;newmain.c: 98:             RC2=1;
   917  0732  1507               	bsf	7,2	;volatile
   918                           
   919                           ;newmain.c: 99:             RC1=0;
   920  0733  1087               	bcf	7,1	;volatile
   921                           
   922                           ;newmain.c: 100:             RC0=1;
   923  0734  1407               	bsf	7,0	;volatile
   924                           
   925                           ;newmain.c: 101:         }
   926  0735  2F6D               	goto	l63
   927  0736                     l798:
   928  0736  3006               	movlw	6
   929  0737  0670               	xorwf	DigitoMaisSignificativo@numero,w
   930  0738  0471               	iorwf	DigitoMaisSignificativo@numero+1,w
   931  0739  1D03               	btfss	3,2
   932  073A  2F3C               	goto	u281
   933  073B  2F3D               	goto	u280
   934  073C                     u281:
   935  073C  2F44               	goto	l802
   936  073D                     u280:
   937  073D                     l800:
   938                           
   939                           ;newmain.c: 103:             RC3=0;
   940  073D  1283               	bcf	3,5	;RP0=0, select bank0
   941  073E  1303               	bcf	3,6	;RP1=0, select bank0
   942  073F  1187               	bcf	7,3	;volatile
   943                           
   944                           ;newmain.c: 104:             RC2=1;
   945  0740  1507               	bsf	7,2	;volatile
   946                           
   947                           ;newmain.c: 105:             RC1=1;
   948  0741  1487               	bsf	7,1	;volatile
   949                           
   950                           ;newmain.c: 106:             RC0=0;
   951  0742  1007               	bcf	7,0	;volatile
   952                           
   953                           ;newmain.c: 107:         }
   954  0743  2F6D               	goto	l63
   955  0744                     l802:
   956  0744  3007               	movlw	7
   957  0745  0670               	xorwf	DigitoMaisSignificativo@numero,w
   958  0746  0471               	iorwf	DigitoMaisSignificativo@numero+1,w
   959  0747  1D03               	btfss	3,2
   960  0748  2F4A               	goto	u291
   961  0749  2F4B               	goto	u290
   962  074A                     u291:
   963  074A  2F52               	goto	l806
   964  074B                     u290:
   965  074B                     l804:
   966                           
   967                           ;newmain.c: 109:             RC3=0;
   968  074B  1283               	bcf	3,5	;RP0=0, select bank0
   969  074C  1303               	bcf	3,6	;RP1=0, select bank0
   970  074D  1187               	bcf	7,3	;volatile
   971                           
   972                           ;newmain.c: 110:             RC2=1;
   973  074E  1507               	bsf	7,2	;volatile
   974                           
   975                           ;newmain.c: 111:             RC1=1;
   976  074F  1487               	bsf	7,1	;volatile
   977                           
   978                           ;newmain.c: 112:             RC0=1;
   979  0750  1407               	bsf	7,0	;volatile
   980                           
   981                           ;newmain.c: 113:         }
   982  0751  2F6D               	goto	l63
   983  0752                     l806:
   984  0752  3008               	movlw	8
   985  0753  0670               	xorwf	DigitoMaisSignificativo@numero,w
   986  0754  0471               	iorwf	DigitoMaisSignificativo@numero+1,w
   987  0755  1D03               	btfss	3,2
   988  0756  2F58               	goto	u301
   989  0757  2F59               	goto	u300
   990  0758                     u301:
   991  0758  2F60               	goto	l810
   992  0759                     u300:
   993  0759                     l808:
   994                           
   995                           ;newmain.c: 115:             RC3=1;
   996  0759  1283               	bcf	3,5	;RP0=0, select bank0
   997  075A  1303               	bcf	3,6	;RP1=0, select bank0
   998  075B  1587               	bsf	7,3	;volatile
   999                           
  1000                           ;newmain.c: 116:             RC2=0;
  1001  075C  1107               	bcf	7,2	;volatile
  1002                           
  1003                           ;newmain.c: 117:             RC1=0;
  1004  075D  1087               	bcf	7,1	;volatile
  1005                           
  1006                           ;newmain.c: 118:             RC0=0;
  1007  075E  1007               	bcf	7,0	;volatile
  1008                           
  1009                           ;newmain.c: 119:         }
  1010  075F  2F6D               	goto	l63
  1011  0760                     l810:
  1012  0760  3009               	movlw	9
  1013  0761  0670               	xorwf	DigitoMaisSignificativo@numero,w
  1014  0762  0471               	iorwf	DigitoMaisSignificativo@numero+1,w
  1015  0763  1D03               	btfss	3,2
  1016  0764  2F66               	goto	u311
  1017  0765  2F67               	goto	u310
  1018  0766                     u311:
  1019  0766  2EEA               	goto	l776
  1020  0767                     u310:
  1021  0767                     l812:
  1022                           
  1023                           ;newmain.c: 121:             RC3=1;
  1024  0767  1283               	bcf	3,5	;RP0=0, select bank0
  1025  0768  1303               	bcf	3,6	;RP1=0, select bank0
  1026  0769  1587               	bsf	7,3	;volatile
  1027                           
  1028                           ;newmain.c: 122:             RC2=0;
  1029  076A  1107               	bcf	7,2	;volatile
  1030                           
  1031                           ;newmain.c: 123:             RC1=0;
  1032  076B  1087               	bcf	7,1	;volatile
  1033                           
  1034                           ;newmain.c: 124:             RC0=1;
  1035  076C  1407               	bsf	7,0	;volatile
  1036  076D                     l63:	
  1037                           ;newmain.c: 125:         }else{
  1038                           
  1039  076D  0008               	return
  1040  076E                     __end_of_DigitoMaisSignificativo:
  1041  007E                     btemp	set	126	;btemp
  1042  007E                     wtemp0	set	126
  1043                           
  1044                           	psect	config
  1045                           
  1046                           ;Config register CONFIG1 @ 0x2007
  1047                           ;	Oscillator Selection bits
  1048                           ;	FOSC = INTRC_NOCLKOUT, INTOSCIO oscillator: I/O function on RA6/OSC2/CLKOUT pin, I/O f
      +                          unction on RA7/OSC1/CLKIN
  1049                           ;	Watchdog Timer Enable bit
  1050                           ;	WDTE = OFF, WDT disabled and can be enabled by SWDTEN bit of the WDTCON register
  1051                           ;	Power-up Timer Enable bit
  1052                           ;	PWRTE = OFF, PWRT disabled
  1053                           ;	RE3/MCLR pin function select bit
  1054                           ;	MCLRE = ON, RE3/MCLR pin function is MCLR
  1055                           ;	Code Protection bit
  1056                           ;	CP = OFF, Program memory code protection is disabled
  1057                           ;	Data Code Protection bit
  1058                           ;	CPD = OFF, Data memory code protection is disabled
  1059                           ;	Brown Out Reset Selection bits
  1060                           ;	BOREN = ON, BOR enabled
  1061                           ;	Internal External Switchover bit
  1062                           ;	IESO = ON, Internal/External Switchover mode is enabled
  1063                           ;	Fail-Safe Clock Monitor Enabled bit
  1064                           ;	FCMEN = ON, Fail-Safe Clock Monitor is enabled
  1065                           ;	Low Voltage Programming Enable bit
  1066                           ;	LVP = ON, RB3/PGM pin has PGM function, low voltage programming enabled
  1067                           ;	In-Circuit Debugger Mode bit
  1068                           ;	DEBUG = 0x1, unprogrammed default
  1069  2007                     	org	8199
  1070  2007  3FF4               	dw	16372
  1071                           
  1072                           ;Config register CONFIG2 @ 0x2008
  1073                           ;	Brown-out Reset Selection bit
  1074                           ;	BOR4V = BOR40V, Brown-out Reset set to 4.0V
  1075                           ;	Flash Program Memory Self Write Enable bits
  1076                           ;	WRT = OFF, Write protection off
  1077  2008                     	org	8200
  1078  2008  3FFF               	dw	16383

Data Sizes:
    Strings     0
    Constant    0
    Data        0
    BSS         4
    Persistent  0
    Stack       0

Auto Spaces:
    Space          Size  Autos    Used
    COMMON           14      5       9
    BANK0            80      0       0
    BANK1            80      0       0
    BANK3            96      0       0
    BANK2            96      0       0

Pointer List with Targets:

    None.

Critical Paths under _main in COMMON

    _main->_DigitoMaisSignificativo
    _main->_DigitoMenosSignificativo

Critical Paths under _main in BANK0

    None.

Critical Paths under _main in BANK1

    None.

Critical Paths under _main in BANK3

    None.

Critical Paths under _main in BANK2

    None.

Call Graph Tables:

 ---------------------------------------------------------------------------------
 (Depth) Function   	        Calls       Base Space   Used Autos Params    Refs
 ---------------------------------------------------------------------------------
 (0) _main                                                 3     3      0     592
                                              2 COMMON     3     3      0
            _DigitoMaisSignificativo
           _DigitoMenosSignificativo
 ---------------------------------------------------------------------------------
 (1) _DigitoMenosSignificativo                             2     0      2     296
                                              0 COMMON     2     0      2
 ---------------------------------------------------------------------------------
 (1) _DigitoMaisSignificativo                              2     0      2     296
                                              0 COMMON     2     0      2
 ---------------------------------------------------------------------------------
 Estimated maximum stack depth 1
 ---------------------------------------------------------------------------------

 Call Graph Graphs:

 _main (ROOT)
   _DigitoMaisSignificativo
   _DigitoMenosSignificativo

 Address spaces:
Name               Size   Autos  Total    Cost      Usage
BITCOMMON            E      0       0       0        0.0%
EEDATA             100      0       0       0        0.0%
NULL                 0      0       0       0        0.0%
CODE                 0      0       0       0        0.0%
COMMON               E      5       9       1       64.3%
BITSFR0              0      0       0       1        0.0%
SFR0                 0      0       0       1        0.0%
BITSFR1              0      0       0       2        0.0%
SFR1                 0      0       0       2        0.0%
STACK                0      0       0       2        0.0%
ABS                  0      0       9       3        0.0%
BITBANK0            50      0       0       4        0.0%
BITSFR3              0      0       0       4        0.0%
SFR3                 0      0       0       4        0.0%
BANK0               50      0       0       5        0.0%
BITSFR2              0      0       0       5        0.0%
SFR2                 0      0       0       5        0.0%
BITBANK1            50      0       0       6        0.0%
BANK1               50      0       0       7        0.0%
BITBANK3            60      0       0       8        0.0%
BANK3               60      0       0       9        0.0%
BITBANK2            60      0       0      10        0.0%
BANK2               60      0       0      11        0.0%
DATA                 0      0       9      12        0.0%


Microchip Technology PIC Macro Assembler V2.20 build 20200408173844 
Symbol Table                                                                                   Tue Feb 22 14:11:05 2022

                               l63 076D                                 l86 07F7  
                              l800 073D                                l810 0760  
                              l802 0744                                l812 0767  
                              l804 074B                                l820 0781  
                              l806 0752                                l830 07A4  
                              l822 0788                                l814 076E  
                              l808 0759                                l840 07C7  
                              l832 07AB                                l824 078F  
                              l816 0774                                l850 07EA  
                              l842 07CE                                l834 07B2  
                              l826 0796                                l818 077B  
                              l780 06F7                                l852 07F1  
                              l844 07D5                                l836 07B9  
                              l828 079D                                l860 06B7  
                              l790 071A                                l782 06FE  
                              l774 06E4                                l846 07DC  
                              l838 07C0                                l862 06C4  
                              l854 069F                                l792 0721  
                              l784 0705                                l776 06EA  
                              l848 07E3                                l864 06CB  
                              l856 06A5                                l794 0728  
                              l786 070C                                l778 06F1  
                              l866 06D1                                l858 06AE  
                              l796 072F                                l788 0713  
                              l868 06D3                                l798 0736  
                              _RC0 0038                                _RC1 0039  
                              _RC2 003A                                _RC3 003B  
                              _RC4 003C                                _RC5 003D  
                              _RC6 003E                                _RC7 003F  
                              u300 0759                                u220 06EA  
                              u301 0758                                u221 06E9  
                              u310 0767                                u230 06F7  
                              u311 0766                                u231 06F6  
                              u240 0705                                u400 07E3  
                              u320 0774                                u241 0704  
                              u401 07E2                                u321 0773  
                              u250 0713                                u410 07F1  
                              u330 0781                                u251 0712  
                              u411 07F0                                u331 0780  
                              u260 0721                                u340 078F  
                              u420 06C4                                u261 0720  
                              u341 078E                                u421 06C3  
                              u270 072F                                u350 079D  
                              u271 072E                                u351 079C  
                              u280 073D                                u360 07AB  
                              u281 073C                                u361 07AA  
                              u425 06C0                                u290 074B  
                              u370 07B9                                u291 074A  
                              u371 07B8                                u380 07C7  
                              u381 07C6                                u437 06D9  
                              u390 07D5                                u391 07D4  
                             _main 069F                               btemp 007E  
        ??_DigitoMaisSignificativo 0072                               start 0000  
                            ?_main 0070                              _PORTC 0007  
                            _TRISC 0087                              status 0003  
                            wtemp0 007E                    __initialization 07F8  
                     __end_of_main 06E4                             ??_main 0072  
          __end_of__initialization 07FC                     __pcstackCOMMON 0070  
__size_of_DigitoMenosSignificativo 008A          ?_DigitoMenosSignificativo 0070  
                       __pmaintext 069F                            __ptext1 076E  
                          __ptext2 06E4           ?_DigitoMaisSignificativo 0070  
             end_of_initialization 07FC   __end_of_DigitoMenosSignificativo 07F8  
              start_initialization 07F8    __end_of_DigitoMaisSignificativo 076E  
                      __pbssCOMMON 0075                          ___latbits 0002  
         _DigitoMenosSignificativo 076E                          _contador1 0077  
                        _contador2 0075   __size_of_DigitoMaisSignificativo 008A  
    DigitoMaisSignificativo@numero 0070                      __size_of_main 0045  
       ??_DigitoMenosSignificativo 0072            _DigitoMaisSignificativo 06E4  
   DigitoMenosSignificativo@numero 0070  
